2018-07-17T02:19:00+00:00 CRITICAL Uncaught Error: Call to undefined function have_rows() in /var/www/html/jayahr/wp-content/themes/jayahr/front-page.php:10
Stack trace:
#0 /var/www/html/jayahr/wp-includes/template-loader.php(74): include()
#1 /var/www/html/jayahr/wp-blog-header.php(19): require_once('/var/www/html/j...')
#2 /var/www/html/jayahr/index.php(17): require('/var/www/html/j...')
#3 {main}
  thrown

2018-07-17T02:19:17+00:00 CRITICAL Uncaught Error: Call to undefined function have_rows() in /var/www/html/jayahr/wp-content/themes/jayahr/front-page.php:10
Stack trace:
#0 /var/www/html/jayahr/wp-includes/template-loader.php(74): include()
#1 /var/www/html/jayahr/wp-blog-header.php(19): require_once('/var/www/html/j...')
#2 /var/www/html/jayahr/index.php(17): require('/var/www/html/j...')
#3 {main}
  thrown

2018-07-17T02:20:08+00:00 CRITICAL Uncaught Error: Call to undefined function have_rows() in /var/www/html/jayahr/wp-content/themes/jayahr/front-page.php:10
Stack trace:
#0 /var/www/html/jayahr/wp-includes/template-loader.php(74): include()
#1 /var/www/html/jayahr/wp-blog-header.php(19): require_once('/var/www/html/j...')
#2 /var/www/html/jayahr/index.php(17): require('/var/www/html/j...')
#3 {main}
  thrown

2018-07-17T02:20:24+00:00 CRITICAL Uncaught Error: Call to undefined function have_rows() in /var/www/html/jayahr/wp-content/themes/jayahr/front-page.php:10
Stack trace:
#0 /var/www/html/jayahr/wp-includes/template-loader.php(74): include()
#1 /var/www/html/jayahr/wp-blog-header.php(19): require_once('/var/www/html/j...')
#2 /var/www/html/jayahr/index.php(17): require('/var/www/html/j...')
#3 {main}
  thrown

2018-07-17T02:20:29+00:00 CRITICAL Uncaught Error: Call to undefined function have_rows() in /var/www/html/jayahr/wp-content/themes/jayahr/front-page.php:10
Stack trace:
#0 /var/www/html/jayahr/wp-includes/template-loader.php(74): include()
#1 /var/www/html/jayahr/wp-blog-header.php(19): require_once('/var/www/html/j...')
#2 /var/www/html/jayahr/index.php(17): require('/var/www/html/j...')
#3 {main}
  thrown

2018-07-17T02:20:52+00:00 CRITICAL Uncaught Error: Call to undefined function have_rows() in /var/www/html/jayahr/wp-content/themes/jayahr/front-page.php:10
Stack trace:
#0 /var/www/html/jayahr/wp-includes/template-loader.php(74): include()
#1 /var/www/html/jayahr/wp-blog-header.php(19): require_once('/var/www/html/j...')
#2 /var/www/html/jayahr/index.php(17): require('/var/www/html/j...')
#3 {main}
  thrown

2018-07-17T02:21:10+00:00 CRITICAL Uncaught Error: Call to undefined function get_field() in /var/www/html/jayahr/wp-content/themes/jayahr/template-parts/embroidery.php:8
Stack trace:
#0 /var/www/html/jayahr/wp-includes/template-loader.php(74): include()
#1 /var/www/html/jayahr/wp-blog-header.php(19): require_once('/var/www/html/j...')
#2 /var/www/html/jayahr/index.php(17): require('/var/www/html/j...')
#3 {main}
  thrown

2018-07-17T02:21:14+00:00 CRITICAL Uncaught Error: Call to undefined function get_field() in /var/www/html/jayahr/wp-content/themes/jayahr/template-parts/embroidery.php:8
Stack trace:
#0 /var/www/html/jayahr/wp-includes/template-loader.php(74): include()
#1 /var/www/html/jayahr/wp-blog-header.php(19): require_once('/var/www/html/j...')
#2 /var/www/html/jayahr/index.php(17): require('/var/www/html/j...')
#3 {main}
  thrown

2018-07-17T02:21:22+00:00 CRITICAL Uncaught Error: Call to undefined function have_rows() in /var/www/html/jayahr/wp-content/themes/jayahr/front-page.php:10
Stack trace:
#0 /var/www/html/jayahr/wp-includes/template-loader.php(74): include()
#1 /var/www/html/jayahr/wp-blog-header.php(19): require_once('/var/www/html/j...')
#2 /var/www/html/jayahr/index.php(17): require('/var/www/html/j...')
#3 {main}
  thrown

