2018-07-03T02:11:40+00:00 CRITICAL Maximum execution time of 30 seconds exceeded

2018-07-03T03:31:31+00:00 CRITICAL Maximum execution time of 30 seconds exceeded

2018-07-03T03:32:04+00:00 CRITICAL Maximum execution time of 30 seconds exceeded

2018-07-03T03:32:56+00:00 CRITICAL Maximum execution time of 30 seconds exceeded

2018-07-03T03:33:19+00:00 CRITICAL Maximum execution time of 30 seconds exceeded

2018-07-03T03:33:21+00:00 CRITICAL Maximum execution time of 30 seconds exceeded

2018-07-03T03:33:21+00:00 CRITICAL Maximum execution time of 30 seconds exceeded

2018-07-03T06:04:58+00:00 CRITICAL Maximum execution time of 30 seconds exceeded

2018-07-03T06:04:59+00:00 CRITICAL Maximum execution time of 30 seconds exceeded

2018-07-03T09:08:09+00:00 CRITICAL Maximum execution time of 30 seconds exceeded

2018-07-03T09:08:11+00:00 CRITICAL Maximum execution time of 30 seconds exceeded

2018-07-03T09:45:17+00:00 CRITICAL Uncaught Error: Call to undefined function set_view() in C:\xampp\htdocs\jayahr\wp-content\themes\jayahr\single.php:9
Stack trace:
#0 C:\xampp\htdocs\jayahr\wp-includes\template-loader.php(74): include()
#1 C:\xampp\htdocs\jayahr\wp-blog-header.php(19): require_once('C:\\xampp\\htdocs...')
#2 C:\xampp\htdocs\jayahr\index.php(17): require('C:\\xampp\\htdocs...')
#3 {main}
  thrown

2018-07-03T09:52:12+00:00 CRITICAL Uncaught Error: Call to undefined function set_view() in C:\xampp\htdocs\jayahr\wp-content\themes\jayahr\single.php:9
Stack trace:
#0 C:\xampp\htdocs\jayahr\wp-includes\template-loader.php(74): include()
#1 C:\xampp\htdocs\jayahr\wp-blog-header.php(19): require_once('C:\\xampp\\htdocs...')
#2 C:\xampp\htdocs\jayahr\index.php(17): require('C:\\xampp\\htdocs...')
#3 {main}
  thrown

2018-07-03T09:52:50+00:00 CRITICAL Maximum execution time of 30 seconds exceeded

2018-07-03T09:56:25+00:00 CRITICAL Maximum execution time of 30 seconds exceeded

2018-07-03T10:30:19+00:00 CRITICAL Uncaught ArgumentCountError: Too few arguments to function get_category(), 0 passed in C:\xampp\htdocs\jayahr\wp-content\themes\jayahr\woocommerce\archive-product.php on line 24 and at least 1 expected in C:\xampp\htdocs\jayahr\wp-includes\category.php:91
Stack trace:
#0 C:\xampp\htdocs\jayahr\wp-content\themes\jayahr\woocommerce\archive-product.php(24): get_category()
#1 C:\xampp\htdocs\jayahr\wp-content\plugins\woocommerce\includes\wc-core-functions.php(210): include('C:\\xampp\\htdocs...')
#2 C:\xampp\htdocs\jayahr\wp-content\themes\jayahr\woocommerce\taxonomy-product_cat.php(22): wc_get_template('archive-product...')
#3 C:\xampp\htdocs\jayahr\wp-includes\template-loader.php(74): include('C:\\xampp\\htdocs...')
#4 C:\xampp\htdocs\jayahr\wp-blog-header.php(19): require_once('C:\\xampp\\htdocs...')
#5 C:\xampp\htdocs\jayahr\index.php(17): require('C:\\xampp\\htdocs...')
#6 {main}
  thrown

2018-07-03T10:55:28+00:00 CRITICAL Maximum execution time of 30 seconds exceeded

