2018-06-30T10:22:31+00:00 CRITICAL Uncaught Error: Class 'arrow_options' not found in C:\xampp\htdocs\jay-ahr\wp-content\themes\jayahr\inc\theme-option.php:232
Stack trace:
#0 C:\xampp\htdocs\jay-ahr\wp-content\themes\jayahr\functions.php(80): require()
#1 C:\xampp\htdocs\jay-ahr\wp-settings.php(426): include('C:\\xampp\\htdocs...')
#2 C:\xampp\htdocs\jay-ahr\wp-config.php(89): require_once('C:\\xampp\\htdocs...')
#3 C:\xampp\htdocs\jay-ahr\wp-load.php(37): require_once('C:\\xampp\\htdocs...')
#4 C:\xampp\htdocs\jay-ahr\wp-admin\admin.php(31): require_once('C:\\xampp\\htdocs...')
#5 C:\xampp\htdocs\jay-ahr\wp-admin\themes.php(10): require_once('C:\\xampp\\htdocs...')
#6 {main}
  thrown

2018-06-30T10:23:18+00:00 CRITICAL Uncaught Error: Call to undefined function have_rows() in C:\xampp\htdocs\jay-ahr\wp-content\themes\jayahr\header.php:181
Stack trace:
#0 C:\xampp\htdocs\jay-ahr\wp-includes\template.php(688): require_once()
#1 C:\xampp\htdocs\jay-ahr\wp-includes\template.php(647): load_template('C:\\xampp\\htdocs...', true)
#2 C:\xampp\htdocs\jay-ahr\wp-includes\general-template.php(41): locate_template(Array, true)
#3 C:\xampp\htdocs\jay-ahr\wp-content\themes\jayahr\front-page.php(8): get_header()
#4 C:\xampp\htdocs\jay-ahr\wp-includes\template-loader.php(74): include('C:\\xampp\\htdocs...')
#5 C:\xampp\htdocs\jay-ahr\wp-blog-header.php(19): require_once('C:\\xampp\\htdocs...')
#6 C:\xampp\htdocs\jay-ahr\index.php(17): require('C:\\xampp\\htdocs...')
#7 {main}
  thrown

2018-06-30T10:38:44+00:00 CRITICAL Uncaught Error: Call to undefined function have_rows() in C:\xampp\htdocs\jay-ahr\wp-content\themes\jayahr\header.php:181
Stack trace:
#0 C:\xampp\htdocs\jay-ahr\wp-includes\template.php(688): require_once()
#1 C:\xampp\htdocs\jay-ahr\wp-includes\template.php(647): load_template('C:\\xampp\\htdocs...', true)
#2 C:\xampp\htdocs\jay-ahr\wp-includes\general-template.php(41): locate_template(Array, true)
#3 C:\xampp\htdocs\jay-ahr\wp-content\themes\jayahr\front-page.php(8): get_header()
#4 C:\xampp\htdocs\jay-ahr\wp-includes\template-loader.php(74): include('C:\\xampp\\htdocs...')
#5 C:\xampp\htdocs\jay-ahr\wp-blog-header.php(19): require_once('C:\\xampp\\htdocs...')
#6 C:\xampp\htdocs\jay-ahr\index.php(17): require('C:\\xampp\\htdocs...')
#7 {main}
  thrown

