2018-07-20T06:49:38+00:00 DEBUG 
====Stripe Version: 4.1.8====
====Start Log====
sources/src_1CpsQjAkT9rEQMvShr0liD2P
====End Log====


2018-07-20T06:49:41+00:00 DEBUG 
====Stripe Version: 4.1.8====
====Start Log====
Info: Begin processing payment for order 256 for the amount of 7000
====End Log====


2018-07-20T06:49:41+00:00 DEBUG 
====Stripe Version: 4.1.8====
====Start Log====
charges request: Array
(
    [currency] => eur
    [amount] => 700000
    [description] => Jay Ahr - Order 256
    [capture] => true
    [expand[]] => balance_transaction
    [metadata] => Array
        (
            [customer_name] => Nhat Hoang
            [customer_email] => nhathoang10217@gmail.com
            [order_id] => 256
        )

    [source] => src_1CpsQjAkT9rEQMvShr0liD2P
)

====End Log====


2018-07-20T06:49:43+00:00 DEBUG 
====Stripe Version: 4.1.8====
====Start Log====
Processing response: stdClass Object
(
    [id] => ch_1CpsQsAkT9rEQMvSJe4PdZaZ
    [object] => charge
    [amount] => 700000
    [amount_refunded] => 0
    [application] => 
    [application_fee] => 
    [balance_transaction] => stdClass Object
        (
            [id] => txn_1CpsQtAkT9rEQMvSf5aS2frU
            [object] => balance_transaction
            [amount] => 807657
            [available_on] => 1532649600
            [created] => 1532069382
            [currency] => usd
            [description] => Jay Ahr - Order 256
            [exchange_rate] => 1.1538
            [fee] => 23452
            [fee_details] => Array
                (
                    [0] => stdClass Object
                        (
                            [amount] => 23452
                            [application] => 
                            [currency] => usd
                            [description] => Stripe processing fees
                            [type] => stripe_fee
                        )

                )

            [net] => 784205
            [source] => ch_1CpsQsAkT9rEQMvSJe4PdZaZ
            [status] => pending
            [type] => charge
        )

    [captured] => 1
    [created] => 1532069382
    [currency] => eur
    [customer] => 
    [description] => Jay Ahr - Order 256
    [destination] => 
    [dispute] => 
    [failure_code] => 
    [failure_message] => 
    [fraud_details] => stdClass Object
        (
        )

    [invoice] => 
    [livemode] => 
    [metadata] => stdClass Object
        (
            [customer_name] => Nhat Hoang
            [customer_email] => nhathoang10217@gmail.com
            [order_id] => 256
        )

    [on_behalf_of] => 
    [order] => 
    [outcome] => stdClass Object
        (
            [network_status] => approved_by_network
            [reason] => 
            [risk_level] => normal
            [seller_message] => Payment complete.
            [type] => authorized
        )

    [paid] => 1
    [receipt_email] => 
    [receipt_number] => 
    [refunded] => 
    [refunds] => stdClass Object
        (
            [object] => list
            [data] => Array
                (
                )

            [has_more] => 
            [total_count] => 0
            [url] => /v1/charges/ch_1CpsQsAkT9rEQMvSJe4PdZaZ/refunds
        )

    [review] => 
    [shipping] => 
    [source] => stdClass Object
        (
            [id] => src_1CpsQjAkT9rEQMvShr0liD2P
            [object] => source
            [amount] => 
            [card] => stdClass Object
                (
                    [exp_month] => 8
                    [exp_year] => 2020
                    [address_line1_check] => pass
                    [brand] => Visa
                    [card_automatically_updated] => 
                    [country] => US
                    [cvc_check] => pass
                    [fingerprint] => U9ZQ4DFAAieIU8SH
                    [funding] => credit
                    [last4] => 4242
                    [three_d_secure] => optional
                    [address_zip_check] => 
                    [tokenization_method] => 
                    [dynamic_last4] => 
                )

            [client_secret] => src_client_secret_DGPFpYCMqorgSOBhRvvTnnr4
            [created] => 1532069383
            [currency] => 
            [flow] => none
            [livemode] => 
            [metadata] => stdClass Object
                (
                )

            [owner] => stdClass Object
                (
                    [address] => stdClass Object
                        (
                            [city] => HCM
                            [country] => VN
                            [line1] => 132E Cách mạng tháng 8, Q.3
                            [line2] => 
                            [postal_code] => 
                            [state] => 
                        )

                    [email] => nhathoang10217@gmail.com
                    [name] => Nhat Hoang
                    [phone] => 01266755999
                    [verified_address] => 
                    [verified_email] => 
                    [verified_name] => 
                    [verified_phone] => 
                )

            [statement_descriptor] => 
            [status] => consumed
            [type] => card
            [usage] => reusable
        )

    [source_transfer] => 
    [statement_descriptor] => 
    [status] => succeeded
    [transfer_group] => 
)

====End Log====


2018-07-20T07:04:45+00:00 DEBUG 
====Stripe Version: 4.1.8====
====Start Log====
sources/src_1CpsfLAkT9rEQMvSmjYOCC4j
====End Log====


2018-07-20T07:04:56+00:00 DEBUG 
====Stripe Version: 4.1.8====
====Start Log====
Info: Begin processing payment for order 257 for the amount of 7000
====End Log====


2018-07-20T07:04:56+00:00 DEBUG 
====Stripe Version: 4.1.8====
====Start Log====
charges request: Array
(
    [currency] => eur
    [amount] => 700000
    [description] => Jay Ahr - Order 257
    [capture] => true
    [expand[]] => balance_transaction
    [metadata] => Array
        (
            [customer_name] => Nhat Hoang
            [customer_email] => nhathoang10217@gmail.com
            [order_id] => 257
        )

    [source] => src_1CpsfLAkT9rEQMvSmjYOCC4j
)

====End Log====


2018-07-20T07:05:00+00:00 DEBUG 
====Stripe Version: 4.1.8====
====Start Log====
Processing response: stdClass Object
(
    [id] => ch_1CpsfdAkT9rEQMvSmmG8YvFJ
    [object] => charge
    [amount] => 700000
    [amount_refunded] => 0
    [application] => 
    [application_fee] => 
    [balance_transaction] => stdClass Object
        (
            [id] => txn_1CpsfdAkT9rEQMvS3u39WU2i
            [object] => balance_transaction
            [amount] => 807657
            [available_on] => 1532649600
            [created] => 1532070297
            [currency] => usd
            [description] => Jay Ahr - Order 257
            [exchange_rate] => 1.1538
            [fee] => 23452
            [fee_details] => Array
                (
                    [0] => stdClass Object
                        (
                            [amount] => 23452
                            [application] => 
                            [currency] => usd
                            [description] => Stripe processing fees
                            [type] => stripe_fee
                        )

                )

            [net] => 784205
            [source] => ch_1CpsfdAkT9rEQMvSmmG8YvFJ
            [status] => pending
            [type] => charge
        )

    [captured] => 1
    [created] => 1532070297
    [currency] => eur
    [customer] => 
    [description] => Jay Ahr - Order 257
    [destination] => 
    [dispute] => 
    [failure_code] => 
    [failure_message] => 
    [fraud_details] => stdClass Object
        (
        )

    [invoice] => 
    [livemode] => 
    [metadata] => stdClass Object
        (
            [customer_name] => Nhat Hoang
            [customer_email] => nhathoang10217@gmail.com
            [order_id] => 257
        )

    [on_behalf_of] => 
    [order] => 
    [outcome] => stdClass Object
        (
            [network_status] => approved_by_network
            [reason] => 
            [risk_level] => normal
            [seller_message] => Payment complete.
            [type] => authorized
        )

    [paid] => 1
    [receipt_email] => 
    [receipt_number] => 
    [refunded] => 
    [refunds] => stdClass Object
        (
            [object] => list
            [data] => Array
                (
                )

            [has_more] => 
            [total_count] => 0
            [url] => /v1/charges/ch_1CpsfdAkT9rEQMvSmmG8YvFJ/refunds
        )

    [review] => 
    [shipping] => 
    [source] => stdClass Object
        (
            [id] => src_1CpsfLAkT9rEQMvSmjYOCC4j
            [object] => source
            [amount] => 
            [card] => stdClass Object
                (
                    [exp_month] => 9
                    [exp_year] => 2020
                    [address_line1_check] => pass
                    [brand] => Visa
                    [card_automatically_updated] => 
                    [country] => US
                    [cvc_check] => pass
                    [fingerprint] => U9ZQ4DFAAieIU8SH
                    [funding] => credit
                    [last4] => 4242
                    [three_d_secure] => optional
                    [address_zip_check] => 
                    [tokenization_method] => 
                    [dynamic_last4] => 
                )

            [client_secret] => src_client_secret_DGPU5IatCNRLcbs2c7IWuRjG
            [created] => 1532070298
            [currency] => 
            [flow] => none
            [livemode] => 
            [metadata] => stdClass Object
                (
                )

            [owner] => stdClass Object
                (
                    [address] => stdClass Object
                        (
                            [city] => HCM
                            [country] => VN
                            [line1] => CMT8
                            [line2] => 
                            [postal_code] => 
                            [state] => 
                        )

                    [email] => nhathoang10217@gmail.com
                    [name] => Nhat Hoang
                    [phone] => 01266755999
                    [verified_address] => 
                    [verified_email] => 
                    [verified_name] => 
                    [verified_phone] => 
                )

            [statement_descriptor] => 
            [status] => consumed
            [type] => card
            [usage] => reusable
        )

    [source_transfer] => 
    [statement_descriptor] => 
    [status] => succeeded
    [transfer_group] => 
)

====End Log====


2018-07-20T07:21:16+00:00 DEBUG 
====Stripe Version: 4.1.8====
====Start Log====
sources/src_1CpsvNLfQiwf9Kww4rDRvve8
====End Log====


2018-07-20T07:21:26+00:00 DEBUG 
====Stripe Version: 4.1.8====
====Start Log====
Error Response: WP_Error Object
(
    [errors] => Array
        (
            [http_request_failed] => Array
                (
                    [0] => cURL error 28: Operation timed out after 10000 milliseconds with 0 out of 0 bytes received
                )

        )

    [error_data] => Array
        (
        )

)

====End Log====


2018-07-20T07:21:26+00:00 DEBUG 
====Stripe Version: 4.1.8====
====Start Log====
Error: stdClass Object
(
    [token_id] => 
    [customer] => 
    [source] => 
    [source_object] => WP_Error Object
        (
            [errors] => Array
                (
                    [stripe_error] => Array
                        (
                            [0] => There was a problem connecting to the Stripe API endpoint.
                        )

                )

            [error_data] => Array
                (
                )

        )

)

====End Log====


2018-07-20T07:22:12+00:00 DEBUG 
====Stripe Version: 4.1.8====
====Start Log====
sources/src_1CpswHLfQiwf9Kww6iqLcaLx
====End Log====


2018-07-20T07:22:15+00:00 DEBUG 
====Stripe Version: 4.1.8====
====Start Log====
Info: Begin processing payment for order 258 for the amount of 7000
====End Log====


2018-07-20T07:22:15+00:00 DEBUG 
====Stripe Version: 4.1.8====
====Start Log====
charges request: Array
(
    [currency] => eur
    [amount] => 700000
    [description] => Jay Ahr - Order 258
    [capture] => true
    [expand[]] => balance_transaction
    [metadata] => Array
        (
            [customer_name] => Nhat Hoang
            [customer_email] => nhathoang10217@gmail.com
            [order_id] => 258
        )

    [source] => src_1CpswHLfQiwf9Kww6iqLcaLx
)

====End Log====


2018-07-20T07:22:17+00:00 DEBUG 
====Stripe Version: 4.1.8====
====Start Log====
Processing response: stdClass Object
(
    [id] => ch_1CpswOLfQiwf9KwwyrP2iaar
    [object] => charge
    [amount] => 700000
    [amount_refunded] => 0
    [application] => 
    [application_fee] => 
    [balance_transaction] => stdClass Object
        (
            [id] => txn_1CpswPLfQiwf9KwwxW3jbf2a
            [object] => balance_transaction
            [amount] => 807657
            [available_on] => 1532649600
            [created] => 1532071336
            [currency] => usd
            [description] => Jay Ahr - Order 258
            [exchange_rate] => 1.1538
            [fee] => 23452
            [fee_details] => Array
                (
                    [0] => stdClass Object
                        (
                            [amount] => 23452
                            [application] => 
                            [currency] => usd
                            [description] => Stripe processing fees
                            [type] => stripe_fee
                        )

                )

            [net] => 784205
            [source] => ch_1CpswOLfQiwf9KwwyrP2iaar
            [status] => pending
            [type] => charge
        )

    [captured] => 1
    [created] => 1532071336
    [currency] => eur
    [customer] => 
    [description] => Jay Ahr - Order 258
    [destination] => 
    [dispute] => 
    [failure_code] => 
    [failure_message] => 
    [fraud_details] => stdClass Object
        (
        )

    [invoice] => 
    [livemode] => 
    [metadata] => stdClass Object
        (
            [customer_name] => Nhat Hoang
            [customer_email] => nhathoang10217@gmail.com
            [order_id] => 258
        )

    [on_behalf_of] => 
    [order] => 
    [outcome] => stdClass Object
        (
            [network_status] => approved_by_network
            [reason] => 
            [risk_level] => normal
            [seller_message] => Payment complete.
            [type] => authorized
        )

    [paid] => 1
    [receipt_email] => 
    [receipt_number] => 
    [refunded] => 
    [refunds] => stdClass Object
        (
            [object] => list
            [data] => Array
                (
                )

            [has_more] => 
            [total_count] => 0
            [url] => /v1/charges/ch_1CpswOLfQiwf9KwwyrP2iaar/refunds
        )

    [review] => 
    [shipping] => 
    [source] => stdClass Object
        (
            [id] => src_1CpswHLfQiwf9Kww6iqLcaLx
            [object] => source
            [amount] => 
            [card] => stdClass Object
                (
                    [exp_month] => 9
                    [exp_year] => 2020
                    [address_line1_check] => pass
                    [brand] => Visa
                    [card_automatically_updated] => 
                    [country] => US
                    [cvc_check] => pass
                    [fingerprint] => ggYxUgTkxQtzn34k
                    [funding] => credit
                    [last4] => 4242
                    [three_d_secure] => optional
                    [address_zip_check] => 
                    [tokenization_method] => 
                    [dynamic_last4] => 
                )

            [client_secret] => src_client_secret_DGPl8EUtJRAv0wviqHLNTPnM
            [created] => 1532071337
            [currency] => 
            [flow] => none
            [livemode] => 
            [metadata] => stdClass Object
                (
                )

            [owner] => stdClass Object
                (
                    [address] => stdClass Object
                        (
                            [city] => HCM
                            [country] => VN
                            [line1] => CMT8
                            [line2] => 
                            [postal_code] => 
                            [state] => 
                        )

                    [email] => nhathoang10217@gmail.com
                    [name] => Nhat Hoang
                    [phone] => 01266755999
                    [verified_address] => 
                    [verified_email] => 
                    [verified_name] => 
                    [verified_phone] => 
                )

            [statement_descriptor] => 
            [status] => consumed
            [type] => card
            [usage] => reusable
        )

    [source_transfer] => 
    [statement_descriptor] => 
    [status] => succeeded
    [transfer_group] => 
)

====End Log====


